#
# There is insufficient memory for the Java Runtime Environment to continue.
# Native memory allocation (mmap) failed to map 130023424 bytes for Failed to commit area from 0x0000000084e00000 to 0x000000008ca00000 of length 130023424.
# Possible reasons:
#   The system is out of physical RAM or swap space
#   The process is running with CompressedOops enabled, and the Java Heap may be blocking the growth of the native heap
# Possible solutions:
#   Reduce memory load on the system
#   Increase physical memory or swap space
#   Check if swap backing store is full
#   Decrease Java heap size (-Xmx/-Xms)
#   Decrease number of Java threads
#   Decrease Java thread stack sizes (-Xss)
#   Set larger code cache with -XX:ReservedCodeCacheSize=
# This output file may be truncated or incomplete.
#
#  Out of Memory Error (./src/hotspot/os/windows/os_windows.cpp:3301), pid=8672, tid=12980
#
# JRE version:  (11.0.11+9) (build )
# Java VM: OpenJDK 64-Bit Server VM (11.0.11+9-b1341.60, mixed mode, sharing, tiered, compressed oops, g1 gc, windows-amd64)
# No core dump will be written. Minidumps are not enabled by default on client versions of Windows
#

---------------  S U M M A R Y ------------

Command Line: org.jetbrains.git4idea.http.GitAskPassApp Username for 'https://github.com': 

Host: Intel(R) Core(TM) i3-4170 CPU @ 3.70GHz, 4 cores, 7G,  Windows 10 , 64 bit Build 19041 (10.0.19041.928)
Time: Tue Nov 30 09:28:54 2021 FLE Standard Time elapsed time: 0.012917 seconds (0d 0h 0m 0s)

---------------  T H R E A D  ---------------

Current thread (0x0000019a0c4cf000):  JavaThread "Unknown thread" [_thread_in_vm, id=12980, stack(0x0000005a86e00000,0x0000005a86f00000)]

Stack: [0x0000005a86e00000,0x0000005a86f00000]
Native frames: (J=compiled Java code, j=interpreted, Vv=VM code, C=native code)
V  [jvm.dll+0x5f5c8a]
V  [jvm.dll+0x779405]
V  [jvm.dll+0x77aa1d]
V  [jvm.dll+0x77b0d3]
V  [jvm.dll+0x244bc8]
V  [jvm.dll+0x5f3084]
V  [jvm.dll+0x5e7fe5]
V  [jvm.dll+0x30098b]
V  [jvm.dll+0x3008fa]
V  [jvm.dll+0x3007d2]
V  [jvm.dll+0x3056b6]
V  [jvm.dll+0x34e353]
V  [jvm.dll+0x34ea56]
V  [jvm.dll+0x34e453]
V  [jvm.dll+0x2db398]
V  [jvm.dll+0x2dc547]
V  [jvm.dll+0x757bf7]
V  [jvm.dll+0x7593ec]
V  [jvm.dll+0x35b8d9]
V  [jvm.dll+0x73b38e]
V  [jvm.dll+0x3c3cc3]
V  [jvm.dll+0x3c60e1]
C  [jli.dll+0x5373]
C  [ucrtbase.dll+0x21bb2]
C  [KERNEL32.DLL+0x17034]
C  [ntdll.dll+0x52651]


---------------  P R O C E S S  ---------------

Threads class SMR info:
_java_thread_list=0x0000019a0a3c0ef0, length=0, elements={
}

Java Threads: ( => current thread )

Other Threads:
  0x0000019a0c4e3000 GCTaskThread "GC Thread#0" [stack: 0x0000005a86f00000,0x0000005a87000000] [id=2516]
  0x0000019a0c512800 ConcurrentGCThread "G1 Main Marker" [stack: 0x0000005a87000000,0x0000005a87100000] [id=476]
  0x0000019a0c515000 ConcurrentGCThread "G1 Conc#0" [stack: 0x0000005a87100000,0x0000005a87200000] [id=5340]

[error occurred during error reporting (printing all threads), id 0xc0000005, EXCEPTION_ACCESS_VIOLATION (0xc0000005) at pc=0x00007ffe618eb9f7]

VM state:not at safepoint (not fully initialized)

VM Mutex/Monitor currently owned by a thread:  ([mutex/lock_event])
[0x0000019a0c4cc1c0] Heap_lock - owner thread: 0x0000019a0c4cf000

Heap address: 0x0000000084e00000, size: 1970 MB, Compressed Oops mode: Non-zero based: 0x0000000084e00000
Narrow klass base: 0x0000000000000000, Narrow klass shift: 0

GC Heap History (0 events):
No events

Deoptimization events (0 events):
No events

Classes redefined (0 events):
No events

Internal exceptions (0 events):
No events

Events (1 events):
Event: 0.008 Loaded shared library C:\Program Files\JetBrains\PhpStorm 2021.1.1\jbr\bin\zip.dll


Dynamic libraries:
0x00007ff678b90000 - 0x00007ff678b9a000 	C:\Program Files\JetBrains\PhpStorm 2021.1.1\jbr\bin\java.exe
0x00007ffe94f90000 - 0x00007ffe95185000 	C:\WINDOWS\SYSTEM32\ntdll.dll
0x00007ffe93490000 - 0x00007ffe9354d000 	C:\WINDOWS\System32\KERNEL32.DLL
0x00007ffe92b40000 - 0x00007ffe92e08000 	C:\WINDOWS\System32\KERNELBASE.dll
0x00007ffe92a40000 - 0x00007ffe92b40000 	C:\WINDOWS\System32\ucrtbase.dll
0x00007ffe7e4f0000 - 0x00007ffe7e507000 	C:\Program Files\JetBrains\PhpStorm 2021.1.1\jbr\bin\VCRUNTIME140.dll
0x00007ffe82b30000 - 0x00007ffe82b49000 	C:\Program Files\JetBrains\PhpStorm 2021.1.1\jbr\bin\jli.dll
0x00007ffe941e0000 - 0x00007ffe94380000 	C:\WINDOWS\System32\USER32.dll
0x00007ffe927d0000 - 0x00007ffe927f2000 	C:\WINDOWS\System32\win32u.dll
0x00007ffe94510000 - 0x00007ffe9453a000 	C:\WINDOWS\System32\GDI32.dll
0x00007ffe92930000 - 0x00007ffe92a3b000 	C:\WINDOWS\System32\gdi32full.dll
0x00007ffe92890000 - 0x00007ffe9292d000 	C:\WINDOWS\System32\msvcp_win.dll
0x00007ffe7f550000 - 0x00007ffe7f7ea000 	C:\WINDOWS\WinSxS\amd64_microsoft.windows.common-controls_6595b64144ccf1df_6.0.19041.844_none_ca00b6081b84eb1d\COMCTL32.dll
0x00007ffe94d40000 - 0x00007ffe94dde000 	C:\WINDOWS\System32\msvcrt.dll
0x00007ffe94ec0000 - 0x00007ffe94ef0000 	C:\WINDOWS\System32\IMM32.DLL
0x00007ffe7add0000 - 0x00007ffe7ae6d000 	C:\Program Files\JetBrains\PhpStorm 2021.1.1\jbr\bin\msvcp140.dll
0x00007ffe61600000 - 0x00007ffe62149000 	C:\Program Files\JetBrains\PhpStorm 2021.1.1\jbr\bin\server\jvm.dll
0x00007ffe94df0000 - 0x00007ffe94e9c000 	C:\WINDOWS\System32\ADVAPI32.dll
0x00007ffe93560000 - 0x00007ffe935fb000 	C:\WINDOWS\System32\sechost.dll
0x00007ffe94540000 - 0x00007ffe9466b000 	C:\WINDOWS\System32\RPCRT4.dll
0x00007ffe94de0000 - 0x00007ffe94de8000 	C:\WINDOWS\System32\PSAPI.DLL
0x00007ffe8bd70000 - 0x00007ffe8bd79000 	C:\WINDOWS\SYSTEM32\WSOCK32.dll
0x00007ffe76350000 - 0x00007ffe76377000 	C:\WINDOWS\SYSTEM32\WINMM.dll
0x00007ffe940f0000 - 0x00007ffe9415b000 	C:\WINDOWS\System32\WS2_32.dll
0x00007ffe85e80000 - 0x00007ffe85e8a000 	C:\WINDOWS\SYSTEM32\VERSION.dll
0x00007ffe90f80000 - 0x00007ffe90f92000 	C:\WINDOWS\SYSTEM32\kernel.appcore.dll
0x00007ffe82fe0000 - 0x00007ffe82ff1000 	C:\Program Files\JetBrains\PhpStorm 2021.1.1\jbr\bin\verify.dll
0x00007ffe7fd10000 - 0x00007ffe7fef4000 	C:\WINDOWS\SYSTEM32\DBGHELP.DLL
0x00007ffe7fce0000 - 0x00007ffe7fd0c000 	C:\WINDOWS\SYSTEM32\dbgcore.DLL
0x00007ffe92e10000 - 0x00007ffe92e90000 	C:\WINDOWS\System32\bcryptPrimitives.dll
0x00007ffe82480000 - 0x00007ffe824a9000 	C:\Program Files\JetBrains\PhpStorm 2021.1.1\jbr\bin\java.dll
0x00007ffe83460000 - 0x00007ffe8346b000 	C:\Program Files\JetBrains\PhpStorm 2021.1.1\jbr\bin\jimage.dll
0x00007ffe82540000 - 0x00007ffe82558000 	C:\Program Files\JetBrains\PhpStorm 2021.1.1\jbr\bin\zip.dll

dbghelp: loaded successfully - version: 4.0.5 - missing functions: none
symbol engine: initialized successfully - sym options: 0x614 - pdb path: .;C:\Program Files\JetBrains\PhpStorm 2021.1.1\jbr\bin;C:\WINDOWS\SYSTEM32;C:\WINDOWS\WinSxS\amd64_microsoft.windows.common-controls_6595b64144ccf1df_6.0.19041.844_none_ca00b6081b84eb1d;C:\Program Files\JetBrains\PhpStorm 2021.1.1\jbr\bin\server

VM Arguments:
java_command: org.jetbrains.git4idea.http.GitAskPassApp Username for 'https://github.com': 
java_class_path (initial): C:/Program Files/JetBrains/PhpStorm 2021.1.1/plugins/git4idea/lib/git4idea-rt.jar;C:/Program Files/JetBrains/PhpStorm 2021.1.1/lib/xmlrpc-2.0.1.jar;C:/Program Files/JetBrains/PhpStorm 2021.1.1/lib/commons-codec-1.15.jar
Launcher Type: SUN_STANDARD

[Global flags]
     intx CICompilerCount                          = 3                                         {product} {ergonomic}
     uint ConcGCThreads                            = 1                                         {product} {ergonomic}
     uint G1ConcRefinementThreads                  = 4                                         {product} {ergonomic}
   size_t G1HeapRegionSize                         = 1048576                                   {product} {ergonomic}
    uintx GCDrainStackTargetSize                   = 64                                        {product} {ergonomic}
   size_t InitialHeapSize                          = 130023424                                 {product} {ergonomic}
   size_t MarkStackSize                            = 4194304                                   {product} {ergonomic}
   size_t MaxHeapSize                              = 2065694720                                {product} {ergonomic}
   size_t MinHeapDeltaBytes                        = 1048576                                   {product} {ergonomic}
    uintx NonNMethodCodeHeapSize                   = 5830732                                {pd product} {ergonomic}
    uintx NonProfiledCodeHeapSize                  = 122913754                              {pd product} {ergonomic}
    uintx ProfiledCodeHeapSize                     = 122913754                              {pd product} {ergonomic}
    uintx ReservedCodeCacheSize                    = 251658240                              {pd product} {ergonomic}
     bool SegmentedCodeCache                       = true                                      {product} {ergonomic}
     bool UseCompressedClassPointers               = true                                 {lp64_product} {ergonomic}
     bool UseCompressedOops                        = true                                 {lp64_product} {ergonomic}
     bool UseG1GC                                  = true                                      {product} {ergonomic}
     bool UseLargePagesIndividualAllocation        = false                                  {pd product} {ergonomic}

Logging:
Log output configuration:
 #0: stdout all=warning uptime,level,tags
 #1: stderr all=off uptime,level,tags

Environment Variables:
PATH=C:/Users/webmarto/AppData/Local/Programs/Git/mingw64/libexec/git-core;C:/Users/webmarto/AppData/Local/Programs/Git/mingw64/libexec/git-core;C:\Users\webmarto\AppData\Local\Programs\Git\mingw64\bin;C:\Users\webmarto\AppData\Local\Programs\Git\usr\bin;C:\Users\webmarto\bin;C:\Python310\Scripts\;C:\Python310\;C:\Program Files (x86)\Microsoft SDKs\Azure\CLI2\wbin;C:\WINDOWS\system32;C:\WINDOWS;C:\WINDOWS\System32\Wbem;C:\WINDOWS\System32\WindowsPowerShell\v1.0\;C:\WINDOWS\System32\OpenSSH\;C:\Program Files\dotnet\;C:\Program Files\Microsoft SQL Server\130\Tools\Binn\;C:\Program Files\Microsoft SQL Server\Client SDK\ODBC\170\Tools\Binn\;C:\Program Files\Kubernetes\Minikube;C:\Program Files\nodejs\;C:\ProgramData\chocolatey\bin;C:\Users\webmarto\AppData\Local\Microsoft\WindowsApps;C:\Users\webmarto\AppData\Local\Programs\Git\cmd;C:\Users\webmarto\AppData\Local\Programs\Microsoft VS Code\bin;C:\Users\webmarto\AppData\Roaming\npm
USERNAME=webmarto
DISPLAY=:0.0
LC_ALL=en_US.UTF-8
OS=Windows_NT
PROCESSOR_IDENTIFIER=Intel64 Family 6 Model 60 Stepping 3, GenuineIntel



---------------  S Y S T E M  ---------------

OS: Windows 10 , 64 bit Build 19041 (10.0.19041.928)
OS uptime: 8 days 0:14 hours
Hyper-V role detected

CPU:total 4 (initial active 4) (2 cores per cpu, 2 threads per core) family 6 model 60 stepping 3 microcode 0x28, cmov, cx8, fxsr, mmx, sse, sse2, sse3, ssse3, sse4.1, sse4.2, popcnt, avx, avx2, aes, clmul, erms, lzcnt, ht, tsc, tscinvbit, bmi1, bmi2, fma

Memory: 4k page, system-wide physical 7875M (562M free)
TotalPageFile size 22795M (AvailPageFile size 55M)
current process WorkingSet (physical memory assigned to process): 9M, peak: 9M
current process commit charge ("private bytes"): 51M, peak: 175M

vm_info: OpenJDK 64-Bit Server VM (11.0.11+9-b1341.60) for windows-amd64 JRE (11.0.11+9-b1341.60), built on Jun  4 2021 08:17:54 by "" with MS VC++ 14.0 (VS2015)

END.
